[0107/120528.885:ERROR:process_memory_win.cc(73)] ReadMemory at 0x7ff675950000 of 64 bytes failed: Only part of a ReadProcessMemory or WriteProcessMemory request was completed. (0x12B)
[0107/120528.887:WARNING:pe_image_reader.cc(340)] could not read dos header from C:\Program Files (x86)\Google\Chrome\Application\chrome.exe
[0107/120528.887:ERROR:process_memory_win.cc(73)] ReadMemory at 0x7ffa635a0000 of 64 bytes failed: Only part of a ReadProcessMemory or WriteProcessMemory request was completed. (0x12B)
[0107/120528.887:WARNING:pe_image_reader.cc(340)] could not read dos header from C:\Windows\SYSTEM32\ntdll.dll
[0107/120528.887:ERROR:process_memory_win.cc(73)] ReadMemory at 0x7ffa62da0000 of 64 bytes failed: Only part of a ReadProcessMemory or WriteProcessMemory request was completed. (0x12B)
[0107/120528.889:WARNING:pe_image_reader.cc(340)] could not read dos header from C:\Windows\System32\KERNEL32.DLL
[0107/120528.889:ERROR:process_memory_win.cc(73)] ReadMemory at 0x7ffa60fe0000 of 64 bytes failed: Only part of a ReadProcessMemory or WriteProcessMemory request was completed. (0x12B)
[0107/120528.889:WARNING:pe_image_reader.cc(340)] could not read dos header from C:\Windows\System32\KERNELBASE.dll
[0107/120528.889:ERROR:process_memory_win.cc(73)] ReadMemory at 0x7ffa19070000 of 64 bytes failed: Only part of a ReadProcessMemory or WriteProcessMemory request was completed. (0x12B)
[0107/120528.889:WARNING:pe_image_reader.cc(340)] could not read dos header from C:\Program Files (x86)\Google\Chrome\Application\79.0.3945.88\chrome_elf.dll
[0107/120528.889:ERROR:process_memory_win.cc(73)] ReadMemory at 0x7ffa54270000 of 64 bytes failed: Only part of a ReadProcessMemory or WriteProcessMemory request was completed. (0x12B)
[0107/120528.889:WARNING:pe_image_reader.cc(340)] could not read dos header from C:\Windows\SYSTEM32\VERSION.dll
[0107/120528.889:ERROR:process_memory_win.cc(73)] ReadMemory at 0x7ffa62ac0000 of 64 bytes failed: Only part of a ReadProcessMemory or WriteProcessMemory request was completed. (0x12B)
[0107/120528.889:WARNING:pe_image_reader.cc(340)] could not read dos header from C:\Windows\System32\msvcrt.dll
[0107/120528.890:ERROR:process_memory_win.cc(73)] ReadMemory at 0x7ffa613e0000 of 64 bytes failed: Only part of a ReadProcessMemory or WriteProcessMemory request was completed. (0x12B)
[0107/120528.890:WARNING:pe_image_reader.cc(340)] could not read dos header from C:\Windows\System32\bcryptPrimitives.dll
[0107/120528.890:ERROR:process_memory_win.cc(73)] ReadMemory at 0x7ffa62e60000 of 64 bytes failed: Only part of a ReadProcessMemory or WriteProcessMemory request was completed. (0x12B)
[0107/120528.890:WARNING:pe_image_reader.cc(340)] could not read dos header from C:\Windows\System32\ADVAPI32.dll
[0107/120528.890:ERROR:process_memory_win.cc(73)] ReadMemory at 0x7ffa62a20000 of 64 bytes failed: Only part of a ReadProcessMemory or WriteProcessMemory request was completed. (0x12B)
[0107/120528.890:WARNING:pe_image_reader.cc(340)] could not read dos header from C:\Windows\System32\sechost.dll
[0107/120528.890:ERROR:process_memory_win.cc(73)] ReadMemory at 0x7ffa622c0000 of 64 bytes failed: Only part of a ReadProcessMemory or WriteProcessMemory request was completed. (0x12B)
[0107/120528.890:WARNING:pe_image_reader.cc(340)] could not read dos header from C:\Windows\System32\RPCRT4.dll
[0107/120528.890:ERROR:process_memory_win.cc(73)] ReadMemory at 0x7ffa63190000 of 64 bytes failed: Only part of a ReadProcessMemory or WriteProcessMemory request was completed. (0x12B)
[0107/120528.890:WARNING:pe_image_reader.cc(340)] could not read dos header from C:\Windows\System32\user32.dll
[0107/120528.890:ERROR:process_memory_win.cc(73)] ReadMemory at 0x7ffa60f50000 of 64 bytes failed: Only part of a ReadProcessMemory or WriteProcessMemory request was completed. (0x12B)
[0107/120528.890:WARNING:pe_image_reader.cc(340)] could not read dos header from C:\Windows\System32\win32u.dll
[0107/120528.890:ERROR:process_memory_win.cc(73)] ReadMemory at 0x7ffa62f10000 of 64 bytes failed: Only part of a ReadProcessMemory or WriteProcessMemory request was completed. (0x12B)
[0107/120528.890:WARNING:pe_image_reader.cc(340)] could not read dos header from C:\Windows\System32\GDI32.dll
[0107/120528.890:ERROR:process_memory_win.cc(73)] ReadMemory at 0x7ffa60db0000 of 64 bytes failed: Only part of a ReadProcessMemory or WriteProcessMemory request was completed. (0x12B)
[0107/120528.890:WARNING:pe_image_reader.cc(340)] could not read dos header from C:\Windows\System32\gdi32full.dll
[0107/120528.890:ERROR:process_memory_win.cc(73)] ReadMemory at 0x7ffa615b0000 of 64 bytes failed: Only part of a ReadProcessMemory or WriteProcessMemory request was completed. (0x12B)
[0107/120528.890:WARNING:pe_image_reader.cc(340)] could not read dos header from C:\Windows\System32\msvcp_win.dll
[0107/120528.891:ERROR:process_memory_win.cc(73)] ReadMemory at 0x7ffa61290000 of 64 bytes failed: Only part of a ReadProcessMemory or WriteProcessMemory request was completed. (0x12B)
[0107/120528.891:WARNING:pe_image_reader.cc(340)] could not read dos header from C:\Windows\System32\ucrtbase.dll
[0107/120528.891:ERROR:process_memory_win.cc(73)] ReadMemory at 0x7ffa62f40000 of 64 bytes failed: Only part of a ReadProcessMemory or WriteProcessMemory request was completed. (0x12B)
[0107/120528.891:WARNING:pe_image_reader.cc(340)] could not read dos header from C:\Windows\System32\IMM32.DLL
[0107/120528.891:ERROR:process_memory_win.cc(73)] ReadMemory at 0x7ff9f3110000 of 64 bytes failed: Only part of a ReadProcessMemory or WriteProcessMemory request was completed. (0x12B)
[0107/120528.891:WARNING:pe_image_reader.cc(340)] could not read dos header from C:\Program Files (x86)\Google\Chrome\Application\79.0.3945.88\chrome_child.dll
[0107/120528.891:ERROR:process_memory_win.cc(73)] ReadMemory at 0x7ffa61eb0000 of 64 bytes failed: Only part of a ReadProcessMemory or WriteProcessMemory request was completed. (0x12B)
[0107/120528.891:WARNING:pe_image_reader.cc(340)] could not read dos header from C:\Windows\System32\OLEAUT32.dll
[0107/120528.891:ERROR:process_memory_win.cc(73)] ReadMemory at 0x7ffa61f80000 of 64 bytes failed: Only part of a ReadProcessMemory or WriteProcessMemory request was completed. (0x12B)
[0107/120528.891:WARNING:pe_image_reader.cc(340)] could not read dos header from C:\Windows\System32\combase.dll
[0107/120528.891:ERROR:process_memory_win.cc(73)] ReadMemory at 0x7ffa62f70000 of 64 bytes failed: Only part of a ReadProcessMemory or WriteProcessMemory request was completed. (0x12B)
[0107/120528.891:WARNING:pe_image_reader.cc(340)] could not read dos header from C:\Windows\System32\WS2_32.dll
[0107/120528.891:ERROR:process_memory_win.cc(73)] ReadMemory at 0x7ffa60f80000 of 64 bytes failed: Only part of a ReadProcessMemory or WriteProcessMemory request was completed. (0x12B)
[0107/120528.891:WARNING:pe_image_reader.cc(340)] could not read dos header from C:\Windows\System32\WINTRUST.dll
[0107/120528.891:ERROR:process_memory_win.cc(73)] ReadMemory at 0x7ffa60480000 of 64 bytes failed: Only part of a ReadProcessMemory or WriteProcessMemory request was completed. (0x12B)
[0107/120528.891:WARNING:pe_image_reader.cc(340)] could not read dos header from C:\Windows\System32\MSASN1.dll
[0107/120528.891:ERROR:process_memory_win.cc(73)] ReadMemory at 0x7ffa61460000 of 64 bytes failed: Only part of a ReadProcessMemory or WriteProcessMemory request was completed. (0x12B)
[0107/120528.891:WARNING:pe_image_reader.cc(340)] could not read dos header from C:\Windows\System32\CRYPT32.dll
[0107/120528.891:ERROR:process_memory_win.cc(73)] ReadMemory at 0x7ffa5f9f0000 of 64 bytes failed: Only part of a ReadProcessMemory or WriteProcessMemory request was completed. (0x12B)
[0107/120528.891:WARNING:pe_image_reader.cc(340)] could not read dos header from C:\Windows\SYSTEM32\IPHLPAPI.DLL
[0107/120528.891:ERROR:process_memory_win.cc(73)] ReadMemory at 0x7ffa5e110000 of 64 bytes failed: Only part of a ReadProcessMemory or WriteProcessMemory request was completed. (0x12B)
[0107/120528.892:WARNING:pe_image_reader.cc(340)] could not read dos header from C:\Windows\SYSTEM32\WINMM.dll
[0107/120528.892:ERROR:process_memory_win.cc(73)] ReadMemory at 0x7ffa60390000 of 64 bytes failed: Only part of a ReadProcessMemory or WriteProcessMemory request was completed. (0x12B)
[0107/120528.892:WARNING:pe_image_reader.cc(340)] could not read dos header from C:\Windows\SYSTEM32\USERENV.dll
[0107/120528.892:ERROR:process_memory_win.cc(73)] ReadMemory at 0x7ffa60510000 of 64 bytes failed: Only part of a ReadProcessMemory or WriteProcessMemory request was completed. (0x12B)
[0107/120528.892:WARNING:pe_image_reader.cc(340)] could not read dos header from C:\Windows\System32\profapi.dll
[0107/120528.893:ERROR:process_memory_win.cc(73)] ReadMemory at 0x7ffa53590000 of 64 bytes failed: Only part of a ReadProcessMemory or WriteProcessMemory request was completed. (0x12B)
[0107/120528.893:WARNING:pe_image_reader.cc(340)] could not read dos header from C:\Windows\SYSTEM32\DWrite.dll
[0107/120528.893:ERROR:process_memory_win.cc(73)] ReadMemory at 0x7ffa54ea0000 of 64 bytes failed: Only part of a ReadProcessMemory or WriteProcessMemory request was completed. (0x12B)
[0107/120528.893:WARNING:pe_image_reader.cc(340)] could not read dos header from C:\Windows\SYSTEM32\WINSPOOL.DRV
[0107/120528.893:ERROR:process_memory_win.cc(73)] ReadMemory at 0x7ffa604a0000 of 64 bytes failed: Only part of a ReadProcessMemory or WriteProcessMemory request was completed. (0x12B)
[0107/120528.893:WARNING:pe_image_reader.cc(340)] could not read dos header from C:\Windows\System32\kernel.appcore.dll
[0107/120528.893:ERROR:process_memory_win.cc(73)] ReadMemory at 0x7ffa61390000 of 64 bytes failed: Only part of a ReadProcessMemory or WriteProcessMemory request was completed. (0x12B)
[0107/120528.893:WARNING:pe_image_reader.cc(340)] could not read dos header from C:\Windows\System32\bcrypt.dll
[0107/120528.893:ERROR:process_memory_win.cc(73)] ReadMemory at 0x7ffa4f990000 of 64 bytes failed: Only part of a ReadProcessMemory or WriteProcessMemory request was completed. (0x12B)
[0107/120528.893:WARNING:pe_image_reader.cc(340)] could not read dos header from C:\Windows\SYSTEM32\dbghelp.dll
[0107/120528.893:ERROR:process_memory_win.cc(73)] ReadMemory at 0x7ffa508e0000 of 64 bytes failed: Only part of a ReadProcessMemory or WriteProcessMemory request was completed. (0x12B)
[0107/120528.893:WARNING:pe_image_reader.cc(340)] could not read dos header from C:\Windows\SYSTEM32\Secur32.dll
[0107/120528.893:ERROR:process_memory_win.cc(73)] ReadMemory at 0x7ffa584c0000 of 64 bytes failed: Only part of a ReadProcessMemory or WriteProcessMemory request was completed. (0x12B)
[0107/120528.893:WARNING:pe_image_reader.cc(340)] could not read dos header from C:\Windows\SYSTEM32\WINHTTP.dll
[0107/120528.893:ERROR:process_memory_win.cc(73)] ReadMemory at 0x7ffa5c5f0000 of 64 bytes failed: Only part of a ReadProcessMemory or WriteProcessMemory request was completed. (0x12B)
[0107/120528.893:WARNING:pe_image_reader.cc(340)] could not read dos header from C:\Windows\SYSTEM32\dhcpcsvc.DLL
[0107/120528.893:ERROR:process_memory_win.cc(73)] ReadMemory at 0x7ffa61ea0000 of 64 bytes failed: Only part of a ReadProcessMemory or WriteProcessMemory request was completed. (0x12B)
[0107/120528.893:WARNING:pe_image_reader.cc(340)] could not read dos header from C:\Windows\System32\NSI.dll
[0107/120528.893:ERROR:process_memory_win.cc(73)] ReadMemory at 0x7ffa5e050000 of 64 bytes failed: Only part of a ReadProcessMemory or WriteProcessMemory request was completed. (0x12B)
[0107/120528.893:WARNING:pe_image_reader.cc(340)] could not read dos header from C:\Windows\SYSTEM32\WINMMBASE.dll
[0107/120528.893:ERROR:process_memory_win.cc(73)] ReadMemory at 0x7ffa60cb0000 of 64 bytes failed: Only part of a ReadProcessMemory or WriteProcessMemory request was completed. (0x12B)
[0107/120528.893:WARNING:pe_image_reader.cc(340)] could not read dos header from C:\Windows\System32\cfgmgr32.dll
[0107/120528.894:ERROR:process_memory_win.cc(73)] ReadMemory at 0x7ffa5beb0000 of 64 bytes failed: Only part of a ReadProcessMemory or WriteProcessMemory request was completed. (0x12B)
[0107/120528.894:WARNING:pe_image_reader.cc(340)] could not read dos header from C:\Windows\SYSTEM32\PROPSYS.dll
[0107/120528.894:ERROR:process_memory_win.cc(73)] ReadMemory at 0x7ffa61df0000 of 64 bytes failed: Only part of a ReadProcessMemory or WriteProcessMemory request was completed. (0x12B)
[0107/120528.894:WARNING:pe_image_reader.cc(340)] could not read dos header from C:\Windows\System32\shcore.dll
[0107/120528.894:ERROR:process_memory_win.cc(73)] ReadMemory at 0x7ffa60360000 of 64 bytes failed: Only part of a ReadProcessMemory or WriteProcessMemory request was completed. (0x12B)
[0107/120528.894:WARNING:pe_image_reader.cc(340)] could not read dos header from C:\Windows\SYSTEM32\SSPICLI.DLL
[0107/120528.894:ERROR:process_memory_win.cc(73)] ReadMemory at 0x7ffa61700000 of 64 bytes failed: Only part of a ReadProcessMemory or WriteProcessMemory request was completed. (0x12B)
[0107/120528.894:WARNING:pe_image_reader.cc(340)] could not read dos header from C:\Windows\System32\SHELL32.dll
[0107/120528.894:ERROR:process_memory_win.cc(73)] ReadMemory at 0x7ffa60530000 of 64 bytes failed: Only part of a ReadProcessMemory or WriteProcessMemory request was completed. (0x12B)
[0107/120528.894:WARNING:pe_image_reader.cc(340)] could not read dos header from C:\Windows\System32\windows.storage.dll
[0107/120528.894:ERROR:process_memory_win.cc(73)] ReadMemory at 0x7ffa604c0000 of 64 bytes failed: Only part of a ReadProcessMemory or WriteProcessMemory request was completed. (0x12B)
[0107/120528.894:WARNING:pe_image_reader.cc(340)] could not read dos header from C:\Windows\System32\powrprof.dll
[0107/120528.894:ERROR:process_memory_win.cc(73)] ReadMemory at 0x7ffa60470000 of 64 bytes failed: Only part of a ReadProcessMemory or WriteProcessMemory request was completed. (0x12B)
[0107/120528.894:WARNING:pe_image_reader.cc(340)] could not read dos header from C:\Windows\System32\UMPDC.dll
[0107/120528.894:ERROR:process_memory_win.cc(73)] ReadMemory at 0x7ffa63500000 of 64 bytes failed: Only part of a ReadProcessMemory or WriteProcessMemory request was completed. (0x12B)
[0107/120528.894:WARNING:pe_image_reader.cc(340)] could not read dos header from C:\Windows\System32\shlwapi.dll
[0107/120528.894:ERROR:process_memory_win.cc(73)] ReadMemory at 0x7ffa613c0000 of 64 bytes failed: Only part of a ReadProcessMemory or WriteProcessMemory request was completed. (0x12B)
[0107/120528.894:WARNING:pe_image_reader.cc(340)] could not read dos header from C:\Windows\System32\cryptsp.dll
[0107/120528.894:ERROR:process_memory_win.cc(73)] ReadMemory at 0x7ffa5feb0000 of 64 bytes failed: Only part of a ReadProcessMemory or WriteProcessMemory request was completed. (0x12B)
[0107/120528.894:WARNING:pe_image_reader.cc(340)] could not read dos header from C:\Windows\SYSTEM32\CRYPTBASE.DLL
[0107/120528.895:ERROR:process_memory_win.cc(73)] ReadMemory at 0x7ffa5e440000 of 64 bytes failed: Only part of a ReadProcessMemory or WriteProcessMemory request was completed. (0x12B)
[0107/120528.895:WARNING:pe_image_reader.cc(340)] could not read dos header from C:\Windows\system32\NLAapi.dll
[0107/120528.895:ERROR:process_memory_win.cc(73)] ReadMemory at 0x7ffa5c6b0000 of 64 bytes failed: Only part of a ReadProcessMemory or WriteProcessMemory request was completed. (0x12B)
[0107/120528.895:WARNING:pe_image_reader.cc(340)] could not read dos header from C:\Windows\SYSTEM32\dhcpcsvc6.DLL
[0107/120528.895:ERROR:process_memory_win.cc(73)] ReadMemory at 0x7ffa5fa30000 of 64 bytes failed: Only part of a ReadProcessMemory or WriteProcessMemory request was completed. (0x12B)
[0107/120528.895:WARNING:pe_image_reader.cc(340)] could not read dos header from C:\Windows\SYSTEM32\DNSAPI.dll
[0107/120528.895:ERROR:process_memory_win.cc(73)] ReadMemory at 0x7ffa5fce0000 of 64 bytes failed: Only part of a ReadProcessMemory or WriteProcessMemory request was completed. (0x12B)
[0107/120528.895:WARNING:pe_image_reader.cc(340)] could not read dos header from C:\Windows\system32\mswsock.dll
[0107/120528.895:ERROR:process_memory_win.cc(73)] ReadMemory at 0x7ffa56c00000 of 64 bytes failed: Only part of a ReadProcessMemory or WriteProcessMemory request was completed. (0x12B)
[0107/120528.895:WARNING:pe_image_reader.cc(340)] could not read dos header from C:\Windows\System32\rasadhlp.dll
[0107/120528.895:ERROR:process_memory_win.cc(73)] ReadMemory at 0x7ffa5dec0000 of 64 bytes failed: Only part of a ReadProcessMemory or WriteProcessMemory request was completed. (0x12B)
[0107/120528.895:WARNING:pe_image_reader.cc(340)] could not read dos header from C:\Windows\System32\fwpuclnt.dll
[0107/120528.895:ERROR:process_memory_win.cc(73)] ReadMemory at 0x7ffa5f850000 of 64 bytes failed: Only part of a ReadProcessMemory or WriteProcessMemory request was completed. (0x12B)
[0107/120528.895:WARNING:pe_image_reader.cc(340)] could not read dos header from C:\Windows\system32\rsaenh.dll
[0107/120528.895:ERROR:process_memory_win.cc(73)] ReadMemory at 0x7ffa5f090000 of 64 bytes failed: Only part of a ReadProcessMemory or WriteProcessMemory request was completed. (0x12B)
[0107/120528.895:WARNING:pe_image_reader.cc(340)] could not read dos header from C:\Windows\SYSTEM32\gpapi.dll
[0107/120528.895:ERROR:process_memory_win.cc(73)] ReadMemory at 0x7ffa41070000 of 64 bytes failed: Only part of a ReadProcessMemory or WriteProcessMemory request was completed. (0x12B)
[0107/120528.896:WARNING:pe_image_reader.cc(340)] could not read dos header from C:\Windows\System32\cryptnet.dll
[0107/120528.896:ERROR:process_memory_win.cc(73)] ReadMemory at 0x7ff675950000 of 64 bytes failed: Only part of a ReadProcessMemory or WriteProcessMemory request was completed. (0x12B)
[0107/120528.896:WARNING:pe_image_reader.cc(340)] could not read dos header from C:\Program Files (x86)\Google\Chrome\Application\chrome.exe
[0107/120528.896:ERROR:process_memory_win.cc(73)] ReadMemory at 0x7ffa635a0000 of 64 bytes failed: Only part of a ReadProcessMemory or WriteProcessMemory request was completed. (0x12B)
[0107/120528.896:WARNING:pe_image_reader.cc(340)] could not read dos header from C:\Windows\SYSTEM32\ntdll.dll
[0107/120528.896:ERROR:process_memory_win.cc(73)] ReadMemory at 0x7ffa62da0000 of 64 bytes failed: Only part of a ReadProcessMemory or WriteProcessMemory request was completed. (0x12B)
[0107/120528.896:WARNING:pe_image_reader.cc(340)] could not read dos header from C:\Windows\System32\KERNEL32.DLL
[0107/120528.896:ERROR:process_memory_win.cc(73)] ReadMemory at 0x7ffa60fe0000 of 64 bytes failed: Only part of a ReadProcessMemory or WriteProcessMemory request was completed. (0x12B)
[0107/120528.896:WARNING:pe_image_reader.cc(340)] could not read dos header from C:\Windows\System32\KERNELBASE.dll
[0107/120528.896:ERROR:process_memory_win.cc(73)] ReadMemory at 0x7ffa19070000 of 64 bytes failed: Only part of a ReadProcessMemory or WriteProcessMemory request was completed. (0x12B)
[0107/120528.896:WARNING:pe_image_reader.cc(340)] could not read dos header from C:\Program Files (x86)\Google\Chrome\Application\79.0.3945.88\chrome_elf.dll
[0107/120528.896:ERROR:process_memory_win.cc(73)] ReadMemory at 0x7ffa54270000 of 64 bytes failed: Only part of a ReadProcessMemory or WriteProcessMemory request was completed. (0x12B)
[0107/120528.896:WARNING:pe_image_reader.cc(340)] could not read dos header from C:\Windows\SYSTEM32\VERSION.dll
[0107/120528.896:ERROR:process_memory_win.cc(73)] ReadMemory at 0x7ffa62ac0000 of 64 bytes failed: Only part of a ReadProcessMemory or WriteProcessMemory request was completed. (0x12B)
[0107/120528.896:WARNING:pe_image_reader.cc(340)] could not read dos header from C:\Windows\System32\msvcrt.dll
[0107/120528.896:ERROR:process_memory_win.cc(73)] ReadMemory at 0x7ffa613e0000 of 64 bytes failed: Only part of a ReadProcessMemory or WriteProcessMemory request was completed. (0x12B)
[0107/120528.896:WARNING:pe_image_reader.cc(340)] could not read dos header from C:\Windows\System32\bcryptPrimitives.dll
[0107/120528.896:ERROR:process_memory_win.cc(73)] ReadMemory at 0x7ffa62e60000 of 64 bytes failed: Only part of a ReadProcessMemory or WriteProcessMemory request was completed. (0x12B)
[0107/120528.896:WARNING:pe_image_reader.cc(340)] could not read dos header from C:\Windows\System32\ADVAPI32.dll
[0107/120528.896:ERROR:process_memory_win.cc(73)] ReadMemory at 0x7ffa62a20000 of 64 bytes failed: Only part of a ReadProcessMemory or WriteProcessMemory request was completed. (0x12B)
[0107/120528.896:WARNING:pe_image_reader.cc(340)] could not read dos header from C:\Windows\System32\sechost.dll
[0107/120528.896:ERROR:process_memory_win.cc(73)] ReadMemory at 0x7ffa622c0000 of 64 bytes failed: Only part of a ReadProcessMemory or WriteProcessMemory request was completed. (0x12B)
[0107/120528.896:WARNING:pe_image_reader.cc(340)] could not read dos header from C:\Windows\System32\RPCRT4.dll
[0107/120528.897:ERROR:process_memory_win.cc(73)] ReadMemory at 0x7ffa63190000 of 64 bytes failed: Only part of a ReadProcessMemory or WriteProcessMemory request was completed. (0x12B)
[0107/120528.897:WARNING:pe_image_reader.cc(340)] could not read dos header from C:\Windows\System32\user32.dll
[0107/120528.897:ERROR:process_memory_win.cc(73)] ReadMemory at 0x7ffa60f50000 of 64 bytes failed: Only part of a ReadProcessMemory or WriteProcessMemory request was completed. (0x12B)
[0107/120528.897:WARNING:pe_image_reader.cc(340)] could not read dos header from C:\Windows\System32\win32u.dll
[0107/120528.897:ERROR:process_memory_win.cc(73)] ReadMemory at 0x7ffa62f10000 of 64 bytes failed: Only part of a ReadProcessMemory or WriteProcessMemory request was completed. (0x12B)
[0107/120528.897:WARNING:pe_image_reader.cc(340)] could not read dos header from C:\Windows\System32\GDI32.dll
[0107/120528.897:ERROR:process_memory_win.cc(73)] ReadMemory at 0x7ffa60db0000 of 64 bytes failed: Only part of a ReadProcessMemory or WriteProcessMemory request was completed. (0x12B)
[0107/120528.897:WARNING:pe_image_reader.cc(340)] could not read dos header from C:\Windows\System32\gdi32full.dll
[0107/120528.897:ERROR:process_memory_win.cc(73)] ReadMemory at 0x7ffa615b0000 of 64 bytes failed: Only part of a ReadProcessMemory or WriteProcessMemory request was completed. (0x12B)
[0107/120528.897:WARNING:pe_image_reader.cc(340)] could not read dos header from C:\Windows\System32\msvcp_win.dll
[0107/120528.897:ERROR:process_memory_win.cc(73)] ReadMemory at 0x7ffa61290000 of 64 bytes failed: Only part of a ReadProcessMemory or WriteProcessMemory request was completed. (0x12B)
[0107/120528.897:WARNING:pe_image_reader.cc(340)] could not read dos header from C:\Windows\System32\ucrtbase.dll
[0107/120528.897:ERROR:process_memory_win.cc(73)] ReadMemory at 0x7ffa62f40000 of 64 bytes failed: Only part of a ReadProcessMemory or WriteProcessMemory request was completed. (0x12B)
[0107/120528.897:WARNING:pe_image_reader.cc(340)] could not read dos header from C:\Windows\System32\IMM32.DLL
[0107/120528.897:ERROR:process_memory_win.cc(73)] ReadMemory at 0x7ff9f3110000 of 64 bytes failed: Only part of a ReadProcessMemory or WriteProcessMemory request was completed. (0x12B)
[0107/120528.897:WARNING:pe_image_reader.cc(340)] could not read dos header from C:\Program Files (x86)\Google\Chrome\Application\79.0.3945.88\chrome_child.dll
[0107/120528.897:ERROR:process_memory_win.cc(73)] ReadMemory at 0x7ffa61eb0000 of 64 bytes failed: Only part of a ReadProcessMemory or WriteProcessMemory request was completed. (0x12B)
[0107/120528.897:WARNING:pe_image_reader.cc(340)] could not read dos header from C:\Windows\System32\OLEAUT32.dll
[0107/120528.897:ERROR:process_memory_win.cc(73)] ReadMemory at 0x7ffa61f80000 of 64 bytes failed: Only part of a ReadProcessMemory or WriteProcessMemory request was completed. (0x12B)
[0107/120528.897:WARNING:pe_image_reader.cc(340)] could not read dos header from C:\Windows\System32\combase.dll
[0107/120528.897:ERROR:process_memory_win.cc(73)] ReadMemory at 0x7ffa62f70000 of 64 bytes failed: Only part of a ReadProcessMemory or WriteProcessMemory request was completed. (0x12B)
[0107/120528.897:WARNING:pe_image_reader.cc(340)] could not read dos header from C:\Windows\System32\WS2_32.dll
[0107/120528.898:ERROR:process_memory_win.cc(73)] ReadMemory at 0x7ffa60f80000 of 64 bytes failed: Only part of a ReadProcessMemory or WriteProcessMemory request was completed. (0x12B)
[0107/120528.898:WARNING:pe_image_reader.cc(340)] could not read dos header from C:\Windows\System32\WINTRUST.dll
[0107/120528.898:ERROR:process_memory_win.cc(73)] ReadMemory at 0x7ffa60480000 of 64 bytes failed: Only part of a ReadProcessMemory or WriteProcessMemory request was completed. (0x12B)
[0107/120528.898:WARNING:pe_image_reader.cc(340)] could not read dos header from C:\Windows\System32\MSASN1.dll
[0107/120528.898:ERROR:process_memory_win.cc(73)] ReadMemory at 0x7ffa61460000 of 64 bytes failed: Only part of a ReadProcessMemory or WriteProcessMemory request was completed. (0x12B)
[0107/120528.898:WARNING:pe_image_reader.cc(340)] could not read dos header from C:\Windows\System32\CRYPT32.dll
[0107/120528.898:ERROR:process_memory_win.cc(73)] ReadMemory at 0x7ffa5f9f0000 of 64 bytes failed: Only part of a ReadProcessMemory or WriteProcessMemory request was completed. (0x12B)
[0107/120528.898:WARNING:pe_image_reader.cc(340)] could not read dos header from C:\Windows\SYSTEM32\IPHLPAPI.DLL
[0107/120528.898:ERROR:process_memory_win.cc(73)] ReadMemory at 0x7ffa5e110000 of 64 bytes failed: Only part of a ReadProcessMemory or WriteProcessMemory request was completed. (0x12B)
[0107/120528.898:WARNING:pe_image_reader.cc(340)] could not read dos header from C:\Windows\SYSTEM32\WINMM.dll
[0107/120528.898:ERROR:process_memory_win.cc(73)] ReadMemory at 0x7ffa60390000 of 64 bytes failed: Only part of a ReadProcessMemory or WriteProcessMemory request was completed. (0x12B)
[0107/120528.898:WARNING:pe_image_reader.cc(340)] could not read dos header from C:\Windows\SYSTEM32\USERENV.dll
[0107/120528.898:ERROR:process_memory_win.cc(73)] ReadMemory at 0x7ffa60510000 of 64 bytes failed: Only part of a ReadProcessMemory or WriteProcessMemory request was completed. (0x12B)
[0107/120528.898:WARNING:pe_image_reader.cc(340)] could not read dos header from C:\Windows\System32\profapi.dll
[0107/120528.898:ERROR:process_memory_win.cc(73)] ReadMemory at 0x7ffa53590000 of 64 bytes failed: Only part of a ReadProcessMemory or WriteProcessMemory request was completed. (0x12B)
[0107/120528.898:WARNING:pe_image_reader.cc(340)] could not read dos header from C:\Windows\SYSTEM32\DWrite.dll
[0107/120528.898:ERROR:process_memory_win.cc(73)] ReadMemory at 0x7ffa54ea0000 of 64 bytes failed: Only part of a ReadProcessMemory or WriteProcessMemory request was completed. (0x12B)
[0107/120528.898:WARNING:pe_image_reader.cc(340)] could not read dos header from C:\Windows\SYSTEM32\WINSPOOL.DRV
[0107/120528.898:ERROR:process_memory_win.cc(73)] ReadMemory at 0x7ffa604a0000 of 64 bytes failed: Only part of a ReadProcessMemory or WriteProcessMemory request was completed. (0x12B)
[0107/120528.898:WARNING:pe_image_reader.cc(340)] could not read dos header from C:\Windows\System32\kernel.appcore.dll
[0107/120528.898:ERROR:process_memory_win.cc(73)] ReadMemory at 0x7ffa61390000 of 64 bytes failed: Only part of a ReadProcessMemory or WriteProcessMemory request was completed. (0x12B)
[0107/120528.898:WARNING:pe_image_reader.cc(340)] could not read dos header from C:\Windows\System32\bcrypt.dll
[0107/120528.898:ERROR:process_memory_win.cc(73)] ReadMemory at 0x7ffa4f990000 of 64 bytes failed: Only part of a ReadProcessMemory or WriteProcessMemory request was completed. (0x12B)
[0107/120528.898:WARNING:pe_image_reader.cc(340)] could not read dos header from C:\Windows\SYSTEM32\dbghelp.dll
[0107/120528.898:ERROR:process_memory_win.cc(73)] ReadMemory at 0x7ffa508e0000 of 64 bytes failed: Only part of a ReadProcessMemory or WriteProcessMemory request was completed. (0x12B)
[0107/120528.899:WARNING:pe_image_reader.cc(340)] could not read dos header from C:\Windows\SYSTEM32\Secur32.dll
[0107/120528.899:ERROR:process_memory_win.cc(73)] ReadMemory at 0x7ffa584c0000 of 64 bytes failed: Only part of a ReadProcessMemory or WriteProcessMemory request was completed. (0x12B)
[0107/120528.899:WARNING:pe_image_reader.cc(340)] could not read dos header from C:\Windows\SYSTEM32\WINHTTP.dll
[0107/120528.899:ERROR:process_memory_win.cc(73)] ReadMemory at 0x7ffa5c5f0000 of 64 bytes failed: Only part of a ReadProcessMemory or WriteProcessMemory request was completed. (0x12B)
[0107/120528.899:WARNING:pe_image_reader.cc(340)] could not read dos header from C:\Windows\SYSTEM32\dhcpcsvc.DLL
[0107/120528.899:ERROR:process_memory_win.cc(73)] ReadMemory at 0x7ffa61ea0000 of 64 bytes failed: Only part of a ReadProcessMemory or WriteProcessMemory request was completed. (0x12B)
[0107/120528.899:WARNING:pe_image_reader.cc(340)] could not read dos header from C:\Windows\System32\NSI.dll
[0107/120528.899:ERROR:process_memory_win.cc(73)] ReadMemory at 0x7ffa5e050000 of 64 bytes failed: Only part of a ReadProcessMemory or WriteProcessMemory request was completed. (0x12B)
[0107/120528.899:WARNING:pe_image_reader.cc(340)] could not read dos header from C:\Windows\SYSTEM32\WINMMBASE.dll
[0107/120528.899:ERROR:process_memory_win.cc(73)] ReadMemory at 0x7ffa60cb0000 of 64 bytes failed: Only part of a ReadProcessMemory or WriteProcessMemory request was completed. (0x12B)
[0107/120528.899:WARNING:pe_image_reader.cc(340)] could not read dos header from C:\Windows\System32\cfgmgr32.dll
[0107/120528.899:ERROR:process_memory_win.cc(73)] ReadMemory at 0x7ffa5beb0000 of 64 bytes failed: Only part of a ReadProcessMemory or WriteProcessMemory request was completed. (0x12B)
[0107/120528.899:WARNING:pe_image_reader.cc(340)] could not read dos header from C:\Windows\SYSTEM32\PROPSYS.dll
[0107/120528.899:ERROR:process_memory_win.cc(73)] ReadMemory at 0x7ffa61df0000 of 64 bytes failed: Only part of a ReadProcessMemory or WriteProcessMemory request was completed. (0x12B)
[0107/120528.899:WARNING:pe_image_reader.cc(340)] could not read dos header from C:\Windows\System32\shcore.dll
[0107/120528.899:ERROR:process_memory_win.cc(73)] ReadMemory at 0x7ffa60360000 of 64 bytes failed: Only part of a ReadProcessMemory or WriteProcessMemory request was completed. (0x12B)
[0107/120528.899:WARNING:pe_image_reader.cc(340)] could not read dos header from C:\Windows\SYSTEM32\SSPICLI.DLL
[0107/120528.899:ERROR:process_memory_win.cc(73)] ReadMemory at 0x7ffa61700000 of 64 bytes failed: Only part of a ReadProcessMemory or WriteProcessMemory request was completed. (0x12B)
[0107/120528.899:WARNING:pe_image_reader.cc(340)] could not read dos header from C:\Windows\System32\SHELL32.dll
[0107/120528.900:ERROR:process_memory_win.cc(73)] ReadMemory at 0x7ffa60530000 of 64 bytes failed: Only part of a ReadProcessMemory or WriteProcessMemory request was completed. (0x12B)
[0107/120528.900:WARNING:pe_image_reader.cc(340)] could not read dos header from C:\Windows\System32\windows.storage.dll
[0107/120528.900:ERROR:process_memory_win.cc(73)] ReadMemory at 0x7ffa604c0000 of 64 bytes failed: Only part of a ReadProcessMemory or WriteProcessMemory request was completed. (0x12B)
[0107/120528.900:WARNING:pe_image_reader.cc(340)] could not read dos header from C:\Windows\System32\powrprof.dll
[0107/120528.900:ERROR:process_memory_win.cc(73)] ReadMemory at 0x7ffa60470000 of 64 bytes failed: Only part of a ReadProcessMemory or WriteProcessMemory request was completed. (0x12B)
[0107/120528.900:WARNING:pe_image_reader.cc(340)] could not read dos header from C:\Windows\System32\UMPDC.dll
[0107/120528.900:ERROR:process_memory_win.cc(73)] ReadMemory at 0x7ffa63500000 of 64 bytes failed: Only part of a ReadProcessMemory or WriteProcessMemory request was completed. (0x12B)
[0107/120528.900:WARNING:pe_image_reader.cc(340)] could not read dos header from C:\Windows\System32\shlwapi.dll
[0107/120528.900:ERROR:process_memory_win.cc(73)] ReadMemory at 0x7ffa613c0000 of 64 bytes failed: Only part of a ReadProcessMemory or WriteProcessMemory request was completed. (0x12B)
[0107/120528.900:WARNING:pe_image_reader.cc(340)] could not read dos header from C:\Windows\System32\cryptsp.dll
[0107/120528.900:ERROR:process_memory_win.cc(73)] ReadMemory at 0x7ffa5feb0000 of 64 bytes failed: Only part of a ReadProcessMemory or WriteProcessMemory request was completed. (0x12B)
[0107/120528.900:WARNING:pe_image_reader.cc(340)] could not read dos header from C:\Windows\SYSTEM32\CRYPTBASE.DLL
[0107/120528.900:ERROR:process_memory_win.cc(73)] ReadMemory at 0x7ffa5e440000 of 64 bytes failed: Only part of a ReadProcessMemory or WriteProcessMemory request was completed. (0x12B)
[0107/120528.900:WARNING:pe_image_reader.cc(340)] could not read dos header from C:\Windows\system32\NLAapi.dll
[0107/120528.900:ERROR:process_memory_win.cc(73)] ReadMemory at 0x7ffa5c6b0000 of 64 bytes failed: Only part of a ReadProcessMemory or WriteProcessMemory request was completed. (0x12B)
[0107/120528.900:WARNING:pe_image_reader.cc(340)] could not read dos header from C:\Windows\SYSTEM32\dhcpcsvc6.DLL
[0107/120528.900:ERROR:process_memory_win.cc(73)] ReadMemory at 0x7ffa5fa30000 of 64 bytes failed: Only part of a ReadProcessMemory or WriteProcessMemory request was completed. (0x12B)
[0107/120528.900:WARNING:pe_image_reader.cc(340)] could not read dos header from C:\Windows\SYSTEM32\DNSAPI.dll
[0107/120528.900:ERROR:process_memory_win.cc(73)] ReadMemory at 0x7ffa5fce0000 of 64 bytes failed: Only part of a ReadProcessMemory or WriteProcessMemory request was completed. (0x12B)
[0107/120528.900:WARNING:pe_image_reader.cc(340)] could not read dos header from C:\Windows\system32\mswsock.dll
[0107/120528.900:ERROR:process_memory_win.cc(73)] ReadMemory at 0x7ffa56c00000 of 64 bytes failed: Only part of a ReadProcessMemory or WriteProcessMemory request was completed. (0x12B)
[0107/120528.900:WARNING:pe_image_reader.cc(340)] could not read dos header from C:\Windows\System32\rasadhlp.dll
[0107/120528.901:ERROR:process_memory_win.cc(73)] ReadMemory at 0x7ffa5dec0000 of 64 bytes failed: Only part of a ReadProcessMemory or WriteProcessMemory request was completed. (0x12B)
[0107/120528.901:WARNING:pe_image_reader.cc(340)] could not read dos header from C:\Windows\System32\fwpuclnt.dll
[0107/120528.901:ERROR:process_memory_win.cc(73)] ReadMemory at 0x7ffa5f850000 of 64 bytes failed: Only part of a ReadProcessMemory or WriteProcessMemory request was completed. (0x12B)
[0107/120528.901:WARNING:pe_image_reader.cc(340)] could not read dos header from C:\Windows\system32\rsaenh.dll
[0107/120528.901:ERROR:process_memory_win.cc(73)] ReadMemory at 0x7ffa5f090000 of 64 bytes failed: Only part of a ReadProcessMemory or WriteProcessMemory request was completed. (0x12B)
[0107/120528.901:WARNING:pe_image_reader.cc(340)] could not read dos header from C:\Windows\SYSTEM32\gpapi.dll
[0107/120528.901:ERROR:process_memory_win.cc(73)] ReadMemory at 0x7ffa41070000 of 64 bytes failed: Only part of a ReadProcessMemory or WriteProcessMemory request was completed. (0x12B)
[0107/120528.901:WARNING:pe_image_reader.cc(340)] could not read dos header from C:\Windows\System32\cryptnet.dll
[0107/120528.925:ERROR:process_memory_win.cc(73)] ReadMemory at 0x1f585fa000 of 24576 bytes failed: Only part of a ReadProcessMemory or WriteProcessMemory request was completed. (0x12B)
[0107/120528.926:ERROR:process_memory_win.cc(73)] ReadMemory at 0x1f58dff000 of 4096 bytes failed: Only part of a ReadProcessMemory or WriteProcessMemory request was completed. (0x12B)
[0107/120528.926:ERROR:process_memory_win.cc(73)] ReadMemory at 0x1f595fe000 of 8192 bytes failed: Only part of a ReadProcessMemory or WriteProcessMemory request was completed. (0x12B)
[0107/120528.930:ERROR:process_memory_win.cc(73)] ReadMemory at 0x1f59dfe000 of 8192 bytes failed: Only part of a ReadProcessMemory or WriteProcessMemory request was completed. (0x12B)
[0107/120528.930:ERROR:process_memory_win.cc(73)] ReadMemory at 0x1f5a5fd000 of 12288 bytes failed: Only part of a ReadProcessMemory or WriteProcessMemory request was completed. (0x12B)
[0107/120528.936:ERROR:process_memory_win.cc(73)] ReadMemory at 0x1f5adfb000 of 20480 bytes failed: Only part of a ReadProcessMemory or WriteProcessMemory request was completed. (0x12B)
[0107/120528.936:ERROR:process_memory_win.cc(73)] ReadMemory at 0x1f5b5fd000 of 12288 bytes failed: Only part of a ReadProcessMemory or WriteProcessMemory request was completed. (0x12B)
[0107/120528.936:ERROR:process_memory_win.cc(73)] ReadMemory at 0x1f5bdf8000 of 32768 bytes failed: Only part of a ReadProcessMemory or WriteProcessMemory request was completed. (0x12B)
[0107/120528.938:ERROR:process_memory_win.cc(73)] ReadMemory at 0x1f5c5fe000 of 8192 bytes failed: Only part of a ReadProcessMemory or WriteProcessMemory request was completed. (0x12B)
[0107/120528.938:ERROR:process_memory_win.cc(73)] ReadMemory at 0x1f5cdfc000 of 16384 bytes failed: Only part of a ReadProcessMemory or WriteProcessMemory request was completed. (0x12B)
[0107/120528.939:ERROR:process_memory_win.cc(73)] ReadMemory at 0x1f5d5f9000 of 28672 bytes failed: Only part of a ReadProcessMemory or WriteProcessMemory request was completed. (0x12B)
[0107/120528.939:ERROR:process_memory_win.cc(73)] ReadMemory at 0x1f5e5ff000 of 4096 bytes failed: Only part of a ReadProcessMemory or WriteProcessMemory request was completed. (0x12B)
[0107/120528.939:ERROR:process_memory_win.cc(73)] ReadMemory at 0x1f5edfe000 of 8192 bytes failed: Only part of a ReadProcessMemory or WriteProcessMemory request was completed. (0x12B)
[0107/120528.939:ERROR:process_memory_win.cc(73)] ReadMemory at 0x1f5ddfd000 of 12288 bytes failed: Only part of a ReadProcessMemory or WriteProcessMemory request was completed. (0x12B)
[0107/120528.940:ERROR:process_memory_win.cc(73)] ReadMemory at 0x1f5f5fb000 of 20480 bytes failed: Only part of a ReadProcessMemory or WriteProcessMemory request was completed. (0x12B)
[0107/120528.940:ERROR:process_memory_win.cc(73)] ReadMemory at 0x1f5fdfe000 of 8192 bytes failed: Only part of a ReadProcessMemory or WriteProcessMemory request was completed. (0x12B)
[0107/120528.940:ERROR:process_memory_win.cc(73)] ReadMemory at 0x1f605fb000 of 20480 bytes failed: Only part of a ReadProcessMemory or WriteProcessMemory request was completed. (0x12B)
[0107/120528.940:ERROR:process_memory_win.cc(73)] ReadMemory at 0x1f60dfa000 of 24576 bytes failed: Only part of a ReadProcessMemory or WriteProcessMemory request was completed. (0x12B)
[0107/120528.941:ERROR:process_memory_win.cc(73)] ReadMemory at 0x1f615fa000 of 24576 bytes failed: Only part of a ReadProcessMemory or WriteProcessMemory request was completed. (0x12B)
[0107/120528.941:ERROR:process_memory_win.cc(73)] ReadMemory at 0x1f57c58000 of 852 bytes failed: Only part of a ReadProcessMemory or WriteProcessMemory request was completed. (0x12B)
[0107/120528.941:ERROR:process_memory_win.cc(73)] ReadMemory at 0x1f57c59000 of 6024 bytes failed: Only part of a ReadProcessMemory or WriteProcessMemory request was completed. (0x12B)
[0107/120528.941:ERROR:process_memory_win.cc(73)] ReadMemory at 0x1f57c5b000 of 6024 bytes failed: Only part of a ReadProcessMemory or WriteProcessMemory request was completed. (0x12B)
[0107/120528.941:ERROR:process_memory_win.cc(73)] ReadMemory at 0x1f57c5d000 of 6024 bytes failed: Only part of a ReadProcessMemory or WriteProcessMemory request was completed. (0x12B)
[0107/120528.941:ERROR:process_memory_win.cc(73)] ReadMemory at 0x1f57c5f000 of 6024 bytes failed: Only part of a ReadProcessMemory or WriteProcessMemory request was completed. (0x12B)
[0107/120528.941:ERROR:process_memory_win.cc(73)] ReadMemory at 0x1f57c61000 of 6024 bytes failed: Only part of a ReadProcessMemory or WriteProcessMemory request was completed. (0x12B)
[0107/120528.942:ERROR:process_memory_win.cc(73)] ReadMemory at 0x1f57c63000 of 6024 bytes failed: Only part of a ReadProcessMemory or WriteProcessMemory request was completed. (0x12B)
[0107/120528.942:ERROR:process_memory_win.cc(73)] ReadMemory at 0x1f57c65000 of 6024 bytes failed: Only part of a ReadProcessMemory or WriteProcessMemory request was completed. (0x12B)
[0107/120528.942:ERROR:process_memory_win.cc(73)] ReadMemory at 0x1f57c67000 of 6024 bytes failed: Only part of a ReadProcessMemory or WriteProcessMemory request was completed. (0x12B)
[0107/120528.942:ERROR:process_memory_win.cc(73)] ReadMemory at 0x1f57c69000 of 6024 bytes failed: Only part of a ReadProcessMemory or WriteProcessMemory request was completed. (0x12B)
[0107/120528.943:ERROR:process_memory_win.cc(73)] ReadMemory at 0x1f57c6b000 of 6024 bytes failed: Only part of a ReadProcessMemory or WriteProcessMemory request was completed. (0x12B)
[0107/120528.943:ERROR:process_memory_win.cc(73)] ReadMemory at 0x1f57c6d000 of 6024 bytes failed: Only part of a ReadProcessMemory or WriteProcessMemory request was completed. (0x12B)
[0107/120528.943:ERROR:process_memory_win.cc(73)] ReadMemory at 0x1f57c71000 of 6024 bytes failed: Only part of a ReadProcessMemory or WriteProcessMemory request was completed. (0x12B)
[0107/120528.943:ERROR:process_memory_win.cc(73)] ReadMemory at 0x1f57c73000 of 6024 bytes failed: Only part of a ReadProcessMemory or WriteProcessMemory request was completed. (0x12B)
[0107/120528.943:ERROR:process_memory_win.cc(73)] ReadMemory at 0x1f57c75000 of 6024 bytes failed: Only part of a ReadProcessMemory or WriteProcessMemory request was completed. (0x12B)
[0107/120528.943:ERROR:process_memory_win.cc(73)] ReadMemory at 0x1f57c77000 of 6024 bytes failed: Only part of a ReadProcessMemory or WriteProcessMemory request was completed. (0x12B)
[0107/120528.944:ERROR:process_memory_win.cc(73)] ReadMemory at 0x1f57c79000 of 6024 bytes failed: Only part of a ReadProcessMemory or WriteProcessMemory request was completed. (0x12B)
[0107/120528.944:ERROR:process_memory_win.cc(73)] ReadMemory at 0x1f57c7b000 of 6024 bytes failed: Only part of a ReadProcessMemory or WriteProcessMemory request was completed. (0x12B)
[0107/120528.944:ERROR:process_memory_win.cc(73)] ReadMemory at 0x1f57c7d000 of 6024 bytes failed: Only part of a ReadProcessMemory or WriteProcessMemory request was completed. (0x12B)
[0107/120528.944:ERROR:process_memory_win.cc(73)] ReadMemory at 0x1f57c7f000 of 6024 bytes failed: Only part of a ReadProcessMemory or WriteProcessMemory request was completed. (0x12B)
[0107/120528.944:ERROR:process_memory_win.cc(73)] ReadMemory at 0x13a867c0040 of 512 bytes failed: Only part of a ReadProcessMemory or WriteProcessMemory request was completed. (0x12B)
[0107/120528.944:ERROR:process_memory_win.cc(73)] ReadMemory at 0x13a867c2a40 of 512 bytes failed: Only part of a ReadProcessMemory or WriteProcessMemory request was completed. (0x12B)
[0107/120528.945:ERROR:process_memory_win.cc(73)] ReadMemory at 0x13a86810000 of 384 bytes failed: Only part of a ReadProcessMemory or WriteProcessMemory request was completed. (0x12B)
[0107/120528.945:ERROR:process_memory_win.cc(73)] ReadMemory at 0x13a86810ad0 of 512 bytes failed: Only part of a ReadProcessMemory or WriteProcessMemory request was completed. (0x12B)
[0107/120528.945:ERROR:process_memory_win.cc(73)] ReadMemory at 0x13a86810fe0 of 6266 bytes failed: Only part of a ReadProcessMemory or WriteProcessMemory request was completed. (0x12B)
[0107/120528.945:ERROR:process_memory_win.cc(73)] ReadMemory at 0x13a86812870 of 1012 bytes failed: Only part of a ReadProcessMemory or WriteProcessMemory request was completed. (0x12B)
[0107/120528.945:ERROR:process_memory_win.cc(73)] ReadMemory at 0x13a86812eb8 of 118 bytes failed: Only part of a ReadProcessMemory or WriteProcessMemory request was completed. (0x12B)
[0107/120528.945:ERROR:process_memory_win.cc(73)] ReadMemory at 0x13a86812f30 of 946 bytes failed: Only part of a ReadProcessMemory or WriteProcessMemory request was completed. (0x12B)
[0107/120528.946:ERROR:process_memory_win.cc(73)] ReadMemory at 0x13a868132e4 of 118 bytes failed: Only part of a ReadProcessMemory or WriteProcessMemory request was completed. (0x12B)
[0107/120528.946:ERROR:process_memory_win.cc(73)] ReadMemory at 0x13a8681335c of 30 bytes failed: Only part of a ReadProcessMemory or WriteProcessMemory request was completed. (0x12B)
[0107/120528.947:ERROR:process_memory_win.cc(73)] ReadMemory at 0x13a86813390 of 58 bytes failed: Only part of a ReadProcessMemory or WriteProcessMemory request was completed. (0x12B)
[0107/120528.948:ERROR:process_memory_win.cc(73)] ReadMemory at 0x13a86813490 of 132 bytes failed: Only part of a ReadProcessMemory or WriteProcessMemory request was completed. (0x12B)
[0107/120528.948:ERROR:process_memory_win.cc(73)] ReadMemory at 0x13a86813620 of 132 bytes failed: Only part of a ReadProcessMemory or WriteProcessMemory request was completed. (0x12B)
[0107/120528.948:ERROR:process_memory_win.cc(73)] ReadMemory at 0x13a868137e0 of 124 bytes failed: Only part of a ReadProcessMemory or WriteProcessMemory request was completed. (0x12B)
[0107/120528.948:ERROR:process_memory_win.cc(73)] ReadMemory at 0x13a86813bc0 of 132 bytes failed: Only part of a ReadProcessMemory or WriteProcessMemory request was completed. (0x12B)
[0107/120528.949:ERROR:process_memory_win.cc(73)] ReadMemory at 0x13a86813d20 of 512 bytes failed: Only part of a ReadProcessMemory or WriteProcessMemory request was completed. (0x12B)
[0107/120528.949:ERROR:process_memory_win.cc(73)] ReadMemory at 0x13a86814058 of 512 bytes failed: Only part of a ReadProcessMemory or WriteProcessMemory request was completed. (0x12B)
[0107/120528.950:ERROR:process_memory_win.cc(73)] ReadMemory at 0x13a86814340 of 68 bytes failed: Only part of a ReadProcessMemory or WriteProcessMemory request was completed. (0x12B)
[0107/120528.951:ERROR:process_memory_win.cc(73)] ReadMemory at 0x13a868155b0 of 132 bytes failed: Only part of a ReadProcessMemory or WriteProcessMemory request was completed. (0x12B)
[0107/120528.951:ERROR:process_memory_win.cc(73)] ReadMemory at 0x13a868157c0 of 132 bytes failed: Only part of a ReadProcessMemory or WriteProcessMemory request was completed. (0x12B)
[0107/120528.951:ERROR:process_memory_win.cc(73)] ReadMemory at 0x13a86815950 of 152 bytes failed: Only part of a ReadProcessMemory or WriteProcessMemory request was completed. (0x12B)
[0107/120528.951:ERROR:process_memory_win.cc(73)] ReadMemory at 0x13a86817aa0 of 62 bytes failed: Only part of a ReadProcessMemory or WriteProcessMemory request was completed. (0x12B)
[0107/120528.951:ERROR:process_memory_win.cc(73)] ReadMemory at 0x13a86817c90 of 132 bytes failed: Only part of a ReadProcessMemory or WriteProcessMemory request was completed. (0x12B)
[0107/120528.952:ERROR:process_memory_win.cc(73)] ReadMemory at 0x13a86817dc0 of 60 bytes failed: Only part of a ReadProcessMemory or WriteProcessMemory request was completed. (0x12B)
[0107/120528.952:ERROR:process_memory_win.cc(73)] ReadMemory at 0x13a8681ac20 of 132 bytes failed: Only part of a ReadProcessMemory or WriteProcessMemory request was completed. (0x12B)
[0107/120528.953:ERROR:process_memory_win.cc(73)] ReadMemory at 0x13a8681ad50 of 132 bytes failed: Only part of a ReadProcessMemory or WriteProcessMemory request was completed. (0x12B)
[0107/120528.953:ERROR:process_memory_win.cc(73)] ReadMemory at 0x13a8681aee0 of 80 bytes failed: Only part of a ReadProcessMemory or WriteProcessMemory request was completed. (0x12B)
[0107/120528.953:ERROR:process_memory_win.cc(73)] ReadMemory at 0x13a8681b120 of 66 bytes failed: Only part of a ReadProcessMemory or WriteProcessMemory request was completed. (0x12B)
[0107/120528.954:ERROR:process_memory_win.cc(73)] ReadMemory at 0x13a8681b210 of 58 bytes failed: Only part of a ReadProcessMemory or WriteProcessMemory request was completed. (0x12B)
[0107/120528.954:ERROR:process_memory_win.cc(73)] ReadMemory at 0x13a8681b440 of 60 bytes failed: Only part of a ReadProcessMemory or WriteProcessMemory request was completed. (0x12B)
[0107/120528.954:ERROR:process_memory_win.cc(73)] ReadMemory at 0x13a8681b4e0 of 66 bytes failed: Only part of a ReadProcessMemory or WriteProcessMemory request was completed. (0x12B)
[0107/120528.954:ERROR:process_memory_win.cc(73)] ReadMemory at 0x13a8681b530 of 64 bytes failed: Only part of a ReadProcessMemory or WriteProcessMemory request was completed. (0x12B)
[0107/120528.956:ERROR:process_memory_win.cc(73)] ReadMemory at 0x13a8681b580 of 60 bytes failed: Only part of a ReadProcessMemory or WriteProcessMemory request was completed. (0x12B)
[0107/120528.956:ERROR:process_memory_win.cc(73)] ReadMemory at 0x13a8681b620 of 60 bytes failed: Only part of a ReadProcessMemory or WriteProcessMemory request was completed. (0x12B)
[0107/120528.956:ERROR:process_memory_win.cc(73)] ReadMemory at 0x13a8681b6c0 of 64 bytes failed: Only part of a ReadProcessMemory or WriteProcessMemory request was completed. (0x12B)
[0107/120528.956:ERROR:process_memory_win.cc(73)] ReadMemory at 0x13a8681b710 of 62 bytes failed: Only part of a ReadProcessMemory or WriteProcessMemory request was completed. (0x12B)
[0107/120528.957:ERROR:process_memory_win.cc(73)] ReadMemory at 0x13a8681f300 of 54 bytes failed: Only part of a ReadProcessMemory or WriteProcessMemory request was completed. (0x12B)
[0107/120528.957:ERROR:process_memory_win.cc(73)] ReadMemory at 0x13a8681f790 of 132 bytes failed: Only part of a ReadProcessMemory or WriteProcessMemory request was completed. (0x12B)
[0107/120528.957:ERROR:process_memory_win.cc(73)] ReadMemory at 0x13a8681fd80 of 132 bytes failed: Only part of a ReadProcessMemory or WriteProcessMemory request was completed. (0x12B)
[0107/120528.957:ERROR:process_memory_win.cc(73)] ReadMemory at 0x13a8681fff0 of 132 bytes failed: Only part of a ReadProcessMemory or WriteProcessMemory request was completed. (0x12B)
[0107/120528.957:ERROR:process_memory_win.cc(73)] ReadMemory at 0x13a86820120 of 132 bytes failed: Only part of a ReadProcessMemory or WriteProcessMemory request was completed. (0x12B)
[0107/120528.957:ERROR:process_memory_win.cc(73)] ReadMemory at 0x13a86820780 of 58 bytes failed: Only part of a ReadProcessMemory or WriteProcessMemory request was completed. (0x12B)
[0107/120528.958:ERROR:process_memory_win.cc(73)] ReadMemory at 0x13a868207d0 of 60 bytes failed: Only part of a ReadProcessMemory or WriteProcessMemory request was completed. (0x12B)
[0107/120528.958:ERROR:process_memory_win.cc(73)] ReadMemory at 0x13a86820870 of 62 bytes failed: Only part of a ReadProcessMemory or WriteProcessMemory request was completed. (0x12B)
[0107/120528.958:ERROR:process_memory_win.cc(73)] ReadMemory at 0x13a868208c0 of 64 bytes failed: Only part of a ReadProcessMemory or WriteProcessMemory request was completed. (0x12B)
[0107/120528.958:ERROR:process_memory_win.cc(73)] ReadMemory at 0x13a86820910 of 62 bytes failed: Only part of a ReadProcessMemory or WriteProcessMemory request was completed. (0x12B)
[0107/120528.958:ERROR:process_memory_win.cc(73)] ReadMemory at 0x13a86820a00 of 58 bytes failed: Only part of a ReadProcessMemory or WriteProcessMemory request was completed. (0x12B)
[0107/120528.958:ERROR:process_memory_win.cc(73)] ReadMemory at 0x13a86820af0 of 62 bytes failed: Only part of a ReadProcessMemory or WriteProcessMemory request was completed. (0x12B)
[0107/120528.958:ERROR:process_memory_win.cc(73)] ReadMemory at 0x13a86820b90 of 62 bytes failed: Only part of a ReadProcessMemory or WriteProcessMemory request was completed. (0x12B)
[0107/120528.958:ERROR:process_memory_win.cc(73)] ReadMemory at 0x13a86820be0 of 60 bytes failed: Only part of a ReadProcessMemory or WriteProcessMemory request was completed. (0x12B)
[0107/120528.958:ERROR:process_memory_win.cc(73)] ReadMemory at 0x13a86820c30 of 60 bytes failed: Only part of a ReadProcessMemory or WriteProcessMemory request was completed. (0x12B)
[0107/120528.959:ERROR:process_memory_win.cc(73)] ReadMemory at 0x13a86820c80 of 64 bytes failed: Only part of a ReadProcessMemory or WriteProcessMemory request was completed. (0x12B)
[0107/120528.959:ERROR:process_memory_win.cc(73)] ReadMemory at 0x13a86820cd0 of 60 bytes failed: Only part of a ReadProcessMemory or WriteProcessMemory request was completed. (0x12B)
[0107/120528.959:ERROR:process_memory_win.cc(73)] ReadMemory at 0x13a86820d20 of 62 bytes failed: Only part of a ReadProcessMemory or WriteProcessMemory request was completed. (0x12B)
[0107/120528.959:ERROR:process_memory_win.cc(73)] ReadMemory at 0x13a86820d70 of 62 bytes failed: Only part of a ReadProcessMemory or WriteProcessMemory request was completed. (0x12B)
[0107/120528.959:ERROR:process_memory_win.cc(73)] ReadMemory at 0x13a86820dc0 of 64 bytes failed: Only part of a ReadProcessMemory or WriteProcessMemory request was completed. (0x12B)
[0107/120528.959:ERROR:process_memory_win.cc(73)] ReadMemory at 0x13a86820eb0 of 64 bytes failed: Only part of a ReadProcessMemory or WriteProcessMemory request was completed. (0x12B)
[0107/120528.959:ERROR:process_memory_win.cc(73)] ReadMemory at 0x13a86821160 of 132 bytes failed: Only part of a ReadProcessMemory or WriteProcessMemory request was completed. (0x12B)
[0107/120528.960:ERROR:process_memory_win.cc(73)] ReadMemory at 0x13a868230a0 of 132 bytes failed: Only part of a ReadProcessMemory or WriteProcessMemory request was completed. (0x12B)
[0107/120528.960:ERROR:process_memory_win.cc(73)] ReadMemory at 0x13a86823320 of 132 bytes failed: Only part of a ReadProcessMemory or WriteProcessMemory request was completed. (0x12B)
[0107/120528.960:ERROR:process_memory_win.cc(73)] ReadMemory at 0x13a86823450 of 132 bytes failed: Only part of a ReadProcessMemory or WriteProcessMemory request was completed. (0x12B)
[0107/120528.960:ERROR:process_memory_win.cc(73)] ReadMemory at 0x13a86827210 of 156 bytes failed: Only part of a ReadProcessMemory or WriteProcessMemory request was completed. (0x12B)
[0107/120528.960:ERROR:process_memory_win.cc(73)] ReadMemory at 0x13a86828020 of 132 bytes failed: Only part of a ReadProcessMemory or WriteProcessMemory request was completed. (0x12B)
[0107/120528.960:ERROR:process_memory_win.cc(73)] ReadMemory at 0x13a86828150 of 132 bytes failed: Only part of a ReadProcessMemory or WriteProcessMemory request was completed. (0x12B)
[0107/120528.961:ERROR:process_memory_win.cc(73)] ReadMemory at 0x13a86828280 of 132 bytes failed: Only part of a ReadProcessMemory or WriteProcessMemory request was completed. (0x12B)
[0107/120528.961:ERROR:process_memory_win.cc(73)] ReadMemory at 0x13a868283b0 of 132 bytes failed: Only part of a ReadProcessMemory or WriteProcessMemory request was completed. (0x12B)
[0107/120528.961:ERROR:process_memory_win.cc(73)] ReadMemory at 0x13a868284e0 of 132 bytes failed: Only part of a ReadProcessMemory or WriteProcessMemory request was completed. (0x12B)
[0107/120528.961:ERROR:process_memory_win.cc(73)] ReadMemory at 0x13a86828610 of 132 bytes failed: Only part of a ReadProcessMemory or WriteProcessMemory request was completed. (0x12B)
[0107/120528.961:ERROR:process_memory_win.cc(73)] ReadMemory at 0x13a86828740 of 132 bytes failed: Only part of a ReadProcessMemory or WriteProcessMemory request was completed. (0x12B)
[0107/120528.961:ERROR:process_memory_win.cc(73)] ReadMemory at 0x13a86828870 of 132 bytes failed: Only part of a ReadProcessMemory or WriteProcessMemory request was completed. (0x12B)
[0107/120528.961:ERROR:process_memory_win.cc(73)] ReadMemory at 0x13a868289a0 of 132 bytes failed: Only part of a ReadProcessMemory or WriteProcessMemory request was completed. (0x12B)
[0107/120528.961:ERROR:process_memory_win.cc(73)] ReadMemory at 0x13a86828ad0 of 132 bytes failed: Only part of a ReadProcessMemory or WriteProcessMemory request was completed. (0x12B)
[0107/120528.961:ERROR:process_memory_win.cc(73)] ReadMemory at 0x13a86828c00 of 132 bytes failed: Only part of a ReadProcessMemory or WriteProcessMemory request was completed. (0x12B)
[0107/120528.962:ERROR:process_memory_win.cc(73)] ReadMemory at 0x13a86828d30 of 132 bytes failed: Only part of a ReadProcessMemory or WriteProcessMemory request was completed. (0x12B)
[0107/120528.962:ERROR:process_memory_win.cc(73)] ReadMemory at 0x13a86828e60 of 132 bytes failed: Only part of a ReadProcessMemory or WriteProcessMemory request was completed. (0x12B)
[0107/120528.962:ERROR:process_memory_win.cc(73)] ReadMemory at 0x13a86829770 of 512 bytes failed: Only part of a ReadProcessMemory or WriteProcessMemory request was completed. (0x12B)
[0107/120528.962:ERROR:process_memory_win.cc(73)] ReadMemory at 0x13a86829af0 of 544 bytes failed: Only part of a ReadProcessMemory or WriteProcessMemory request was completed. (0x12B)
[0107/120528.962:ERROR:process_memory_win.cc(73)] ReadMemory at 0x13a86829e90 of 512 bytes failed: Only part of a ReadProcessMemory or WriteProcessMemory request was completed. (0x12B)
[0107/120528.962:ERROR:process_memory_win.cc(73)] ReadMemory at 0x13a8682abe0 of 78 bytes failed: Only part of a ReadProcessMemory or WriteProcessMemory request was completed. (0x12B)
[0107/120528.962:ERROR:process_memory_win.cc(73)] ReadMemory at 0x13a8682ae20 of 76 bytes failed: Only part of a ReadProcessMemory or WriteProcessMemory request was completed. (0x12B)
[0107/120528.963:ERROR:process_memory_win.cc(73)] ReadMemory at 0x13a8682baf0 of 132 bytes failed: Only part of a ReadProcessMemory or WriteProcessMemory request was completed. (0x12B)
[0107/120528.963:ERROR:process_memory_win.cc(73)] ReadMemory at 0x13a8682bc20 of 132 bytes failed: Only part of a ReadProcessMemory or WriteProcessMemory request was completed. (0x12B)
[0107/120528.963:ERROR:process_memory_win.cc(73)] ReadMemory at 0x13a8682be80 of 132 bytes failed: Only part of a ReadProcessMemory or WriteProcessMemory request was completed. (0x12B)
[0107/120528.963:ERROR:process_memory_win.cc(73)] ReadMemory at 0x13a8682c0e0 of 132 bytes failed: Only part of a ReadProcessMemory or WriteProcessMemory request was completed. (0x12B)
[0107/120528.963:ERROR:process_memory_win.cc(73)] ReadMemory at 0x13a8682c210 of 132 bytes failed: Only part of a ReadProcessMemory or WriteProcessMemory request was completed. (0x12B)
[0107/120528.963:ERROR:process_memory_win.cc(73)] ReadMemory at 0x13a8682c340 of 132 bytes failed: Only part of a ReadProcessMemory or WriteProcessMemory request was completed. (0x12B)
[0107/120528.963:ERROR:process_memory_win.cc(73)] ReadMemory at 0x13a8682c470 of 132 bytes failed: Only part of a ReadProcessMemory or WriteProcessMemory request was completed. (0x12B)
[0107/120528.964:ERROR:process_memory_win.cc(73)] ReadMemory at 0x13a8682c5a0 of 132 bytes failed: Only part of a ReadProcessMemory or WriteProcessMemory request was completed. (0x12B)
[0107/120528.964:ERROR:process_memory_win.cc(73)] ReadMemory at 0x13a8682c6d0 of 132 bytes failed: Only part of a ReadProcessMemory or WriteProcessMemory request was completed. (0x12B)
[0107/120528.964:ERROR:process_memory_win.cc(73)] ReadMemory at 0x13a8682c800 of 132 bytes failed: Only part of a ReadProcessMemory or WriteProcessMemory request was completed. (0x12B)
[0107/120528.964:ERROR:process_memory_win.cc(73)] ReadMemory at 0x13a8682c930 of 132 bytes failed: Only part of a ReadProcessMemory or WriteProcessMemory request was completed. (0x12B)
[0107/120528.964:ERROR:process_memory_win.cc(73)] ReadMemory at 0x13a8682ca60 of 132 bytes failed: Only part of a ReadProcessMemory or WriteProcessMemory request was completed. (0x12B)
[0107/120528.964:ERROR:process_memory_win.cc(73)] ReadMemory at 0x13a8682cb90 of 132 bytes failed: Only part of a ReadProcessMemory or WriteProcessMemory request was completed. (0x12B)
[0107/120528.965:ERROR:process_memory_win.cc(73)] ReadMemory at 0x13a8682ccc0 of 132 bytes failed: Only part of a ReadProcessMemory or WriteProcessMemory request was completed. (0x12B)
[0107/120528.965:ERROR:process_memory_win.cc(73)] ReadMemory at 0x13a8682cdf0 of 132 bytes failed: Only part of a ReadProcessMemory or WriteProcessMemory request was completed. (0x12B)
[0107/120528.965:ERROR:process_memory_win.cc(73)] ReadMemory at 0x13a8682cf20 of 132 bytes failed: Only part of a ReadProcessMemory or WriteProcessMemory request was completed. (0x12B)
[0107/120528.965:ERROR:process_memory_win.cc(73)] ReadMemory at 0x13a8682d050 of 132 bytes failed: Only part of a ReadProcessMemory or WriteProcessMemory request was completed. (0x12B)
[0107/120528.965:ERROR:process_memory_win.cc(73)] ReadMemory at 0x13a8682d180 of 132 bytes failed: Only part of a ReadProcessMemory or WriteProcessMemory request was completed. (0x12B)
[0107/120528.965:ERROR:process_memory_win.cc(73)] ReadMemory at 0x13a8682d2b0 of 132 bytes failed: Only part of a ReadProcessMemory or WriteProcessMemory request was completed. (0x12B)
[0107/120528.965:ERROR:process_memory_win.cc(73)] ReadMemory at 0x13a8682d3e0 of 132 bytes failed: Only part of a ReadProcessMemory or WriteProcessMemory request was completed. (0x12B)
[0107/120528.966:ERROR:process_memory_win.cc(73)] ReadMemory at 0x13a8682d510 of 132 bytes failed: Only part of a ReadProcessMemory or WriteProcessMemory request was completed. (0x12B)
[0107/120528.966:ERROR:process_memory_win.cc(73)] ReadMemory at 0x13a8682d640 of 132 bytes failed: Only part of a ReadProcessMemory or WriteProcessMemory request was completed. (0x12B)
[0107/120528.967:ERROR:process_memory_win.cc(73)] ReadMemory at 0x13a8682d770 of 132 bytes failed: Only part of a ReadProcessMemory or WriteProcessMemory request was completed. (0x12B)
[0107/120528.967:ERROR:process_memory_win.cc(73)] ReadMemory at 0x13a8682d8a0 of 132 bytes failed: Only part of a ReadProcessMemory or WriteProcessMemory request was completed. (0x12B)
[0107/120528.967:ERROR:process_memory_win.cc(73)] ReadMemory at 0x13a86830b40 of 512 bytes failed: Only part of a ReadProcessMemory or WriteProcessMemory request was completed. (0x12B)
[0107/120528.967:ERROR:process_memory_win.cc(73)] ReadMemory at 0x13a86831370 of 62 bytes failed: Only part of a ReadProcessMemory or WriteProcessMemory request was completed. (0x12B)
[0107/120528.967:ERROR:process_memory_win.cc(73)] ReadMemory at 0x13a868313c0 of 58 bytes failed: Only part of a ReadProcessMemory or WriteProcessMemory request was completed. (0x12B)
[0107/120528.967:ERROR:process_memory_win.cc(73)] ReadMemory at 0x13a86831410 of 64 bytes failed: Only part of a ReadProcessMemory or WriteProcessMemory request was completed. (0x12B)
[0107/120528.968:ERROR:process_memory_win.cc(73)] ReadMemory at 0x13a86831460 of 60 bytes failed: Only part of a ReadProcessMemory or WriteProcessMemory request was completed. (0x12B)
[0107/120528.968:ERROR:process_memory_win.cc(73)] ReadMemory at 0x13a86831640 of 62 bytes failed: Only part of a ReadProcessMemory or WriteProcessMemory request was completed. (0x12B)
[0107/120528.968:ERROR:process_memory_win.cc(73)] ReadMemory at 0x13a868316e0 of 64 bytes failed: Only part of a ReadProcessMemory or WriteProcessMemory request was completed. (0x12B)
[0107/120528.968:ERROR:process_memory_win.cc(73)] ReadMemory at 0x13a868319b0 of 66 bytes failed: Only part of a ReadProcessMemory or WriteProcessMemory request was completed. (0x12B)
[0107/120528.968:ERROR:process_memory_win.cc(73)] ReadMemory at 0x13a86831a50 of 62 bytes failed: Only part of a ReadProcessMemory or WriteProcessMemory request was completed. (0x12B)
[0107/120528.968:ERROR:process_memory_win.cc(73)] ReadMemory at 0x13a86831c80 of 62 bytes failed: Only part of a ReadProcessMemory or WriteProcessMemory request was completed. (0x12B)
[0107/120528.968:ERROR:process_memory_win.cc(73)] ReadMemory at 0x13a86831d20 of 64 bytes failed: Only part of a ReadProcessMemory or WriteProcessMemory request was completed. (0x12B)
[0107/120528.968:ERROR:process_memory_win.cc(73)] ReadMemory at 0x13a86831d70 of 62 bytes failed: Only part of a ReadProcessMemory or WriteProcessMemory request was completed. (0x12B)
[0107/120528.968:ERROR:process_memory_win.cc(73)] ReadMemory at 0x13a86831dc0 of 62 bytes failed: Only part of a ReadProcessMemory or WriteProcessMemory request was completed. (0x12B)
[0107/120528.968:ERROR:process_memory_win.cc(73)] ReadMemory at 0x13a8683bbc0 of 66 bytes failed: Only part of a ReadProcessMemory or WriteProcessMemory request was completed. (0x12B)
[0107/120528.969:ERROR:process_memory_win.cc(73)] ReadMemory at 0x13a8683bc60 of 62 bytes failed: Only part of a ReadProcessMemory or WriteProcessMemory request was completed. (0x12B)
[0107/120528.969:ERROR:process_memory_win.cc(73)] ReadMemory at 0x13a8683bf80 of 60 bytes failed: Only part of a ReadProcessMemory or WriteProcessMemory request was completed. (0x12B)
[0107/120528.969:ERROR:process_memory_win.cc(73)] ReadMemory at 0x13a8683c0c0 of 60 bytes failed: Only part of a ReadProcessMemory or WriteProcessMemory request was completed. (0x12B)
[0107/120528.969:ERROR:process_memory_win.cc(73)] ReadMemory at 0x13a8683c110 of 66 bytes failed: Only part of a ReadProcessMemory or WriteProcessMemory request was completed. (0x12B)
[0107/120528.969:ERROR:process_memory_win.cc(73)] ReadMemory at 0x13a8683c250 of 64 bytes failed: Only part of a ReadProcessMemory or WriteProcessMemory request was completed. (0x12B)
[0107/120528.969:ERROR:process_memory_win.cc(73)] ReadMemory at 0x13a8683c2a0 of 64 bytes failed: Only part of a ReadProcessMemory or WriteProcessMemory request was completed. (0x12B)
[0107/120528.969:ERROR:process_memory_win.cc(73)] ReadMemory at 0x13a8683ff50 of 512 bytes failed: Only part of a ReadProcessMemory or WriteProcessMemory request was completed. (0x12B)
[0107/120528.970:ERROR:process_memory_win.cc(73)] ReadMemory at 0x13a868435a0 of 512 bytes failed: Only part of a ReadProcessMemory or WriteProcessMemory request was completed. (0x12B)
[0107/120528.970:ERROR:process_memory_win.cc(73)] ReadMemory at 0x13a86844cc0 of 512 bytes failed: Only part of a ReadProcessMemory or WriteProcessMemory request was completed. (0x12B)
[0107/120528.970:ERROR:process_memory_win.cc(73)] ReadMemory at 0x13a86845040 of 512 bytes failed: Only part of a ReadProcessMemory or WriteProcessMemory request was completed. (0x12B)
[0107/120528.970:ERROR:process_memory_win.cc(73)] ReadMemory at 0x13a8684d100 of 512 bytes failed: Only part of a ReadProcessMemory or WriteProcessMemory request was completed. (0x12B)
[0107/120528.970:ERROR:process_memory_win.cc(73)] ReadMemory at 0x13a8685fdf0 of 58 bytes failed: Only part of a ReadProcessMemory or WriteProcessMemory request was completed. (0x12B)
[0107/120528.970:ERROR:process_memory_win.cc(73)] ReadMemory at 0x13a86861c90 of 808 bytes failed: Only part of a ReadProcessMemory or WriteProcessMemory request was completed. (0x12B)
[0107/120528.971:ERROR:process_memory_win.cc(73)] ReadMemory at 0x13a868650c0 of 132 bytes failed: Only part of a ReadProcessMemory or WriteProcessMemory request was completed. (0x12B)
[0107/120528.971:ERROR:process_memory_win.cc(73)] ReadMemory at 0x13a86865450 of 132 bytes failed: Only part of a ReadProcessMemory or WriteProcessMemory request was completed. (0x12B)
[0107/120528.971:ERROR:process_memory_win.cc(73)] ReadMemory at 0x13a86865580 of 132 bytes failed: Only part of a ReadProcessMemory or WriteProcessMemory request was completed. (0x12B)
[0107/120528.971:ERROR:process_memory_win.cc(73)] ReadMemory at 0x13a86866290 of 132 bytes failed: Only part of a ReadProcessMemory or WriteProcessMemory request was completed. (0x12B)
[0107/120528.971:ERROR:process_memory_win.cc(73)] ReadMemory at 0x13a868686b0 of 512 bytes failed: Only part of a ReadProcessMemory or WriteProcessMemory request was completed. (0x12B)
[0107/120528.971:ERROR:process_memory_win.cc(73)] ReadMemory at 0x13a868699c8 of 512 bytes failed: Only part of a ReadProcessMemory or WriteProcessMemory request was completed. (0x12B)
[0107/120528.971:ERROR:process_memory_win.cc(73)] ReadMemory at 0x13a868749c0 of 512 bytes failed: Only part of a ReadProcessMemory or WriteProcessMemory request was completed. (0x12B)
[0107/120528.971:ERROR:process_memory_win.cc(73)] ReadMemory at 0x13a86874d40 of 544 bytes failed: Only part of a ReadProcessMemory or WriteProcessMemory request was completed. (0x12B)
[0107/120528.972:ERROR:process_memory_win.cc(73)] ReadMemory at 0x13a86875b60 of 808 bytes failed: Only part of a ReadProcessMemory or WriteProcessMemory request was completed. (0x12B)
[0107/120528.972:ERROR:process_memory_win.cc(73)] ReadMemory at 0x13a86876530 of 512 bytes failed: Only part of a ReadProcessMemory or WriteProcessMemory request was completed. (0x12B)
[0107/120528.972:ERROR:process_memory_win.cc(73)] ReadMemory at 0x13a86880bc0 of 512 bytes failed: Only part of a ReadProcessMemory or WriteProcessMemory request was completed. (0x12B)
[0107/120528.972:ERROR:process_memory_win.cc(73)] ReadMemory at 0x13a86880e40 of 512 bytes failed: Only part of a ReadProcessMemory or WriteProcessMemory request was completed. (0x12B)
[0107/120528.972:ERROR:process_memory_win.cc(73)] ReadMemory at 0x13a868876f0 of 60 bytes failed: Only part of a ReadProcessMemory or WriteProcessMemory request was completed. (0x12B)
[0107/120528.972:ERROR:process_memory_win.cc(73)] ReadMemory at 0x13a868c0e98 of 512 bytes failed: Only part of a ReadProcessMemory or WriteProcessMemory request was completed. (0x12B)
[0107/120528.972:ERROR:process_memory_win.cc(73)] ReadMemory at 0x13a868cc620 of 512 bytes failed: Only part of a ReadProcessMemory or WriteProcessMemory request was completed. (0x12B)
[0107/120528.972:ERROR:process_memory_win.cc(73)] ReadMemory at 0x13a868dce78 of 512 bytes failed: Only part of a ReadProcessMemory or WriteProcessMemory request was completed. (0x12B)
[0107/120528.973:ERROR:process_memory_win.cc(73)] ReadMemory at 0x13a8698b950 of 512 bytes failed: Only part of a ReadProcessMemory or WriteProcessMemory request was completed. (0x12B)
[0107/120528.973:ERROR:process_memory_win.cc(73)] ReadMemory at 0x13a882bf7a0 of 512 bytes failed: Only part of a ReadProcessMemory or WriteProcessMemory request was completed. (0x12B)
[0107/120528.973:ERROR:process_memory_win.cc(73)] ReadMemory at 0x13a882c3650 of 512 bytes failed: Only part of a ReadProcessMemory or WriteProcessMemory request was completed. (0x12B)
[0107/120528.973:ERROR:process_memory_win.cc(73)] ReadMemory at 0x13a882c8fd8 of 512 bytes failed: Only part of a ReadProcessMemory or WriteProcessMemory request was completed. (0x12B)
[0107/120528.973:ERROR:process_memory_win.cc(73)] ReadMemory at 0x13a882fddc0 of 512 bytes failed: Only part of a ReadProcessMemory or WriteProcessMemory request was completed. (0x12B)
[0107/120528.973:ERROR:process_memory_win.cc(73)] ReadMemory at 0x13a8a17e5c0 of 512 bytes failed: Only part of a ReadProcessMemory or WriteProcessMemory request was completed. (0x12B)
[0107/120528.973:ERROR:process_memory_win.cc(73)] ReadMemory at 0x13a8a185840 of 512 bytes failed: Only part of a ReadProcessMemory or WriteProcessMemory request was completed. (0x12B)
[0107/120528.973:ERROR:process_memory_win.cc(73)] ReadMemory at 0x13a8a19ad50 of 512 bytes failed: Only part of a ReadProcessMemory or WriteProcessMemory request was completed. (0x12B)
[0107/120528.973:ERROR:process_memory_win.cc(73)] ReadMemory at 0x13a8a1c0610 of 512 bytes failed: Only part of a ReadProcessMemory or WriteProcessMemory request was completed. (0x12B)
[0107/120528.974:ERROR:process_memory_win.cc(73)] ReadMemory at 0x13a8a1d42e0 of 512 bytes failed: Only part of a ReadProcessMemory or WriteProcessMemory request was completed. (0x12B)
[0107/120528.974:ERROR:process_memory_win.cc(73)] ReadMemory at 0x13a8a1d7290 of 512 bytes failed: Only part of a ReadProcessMemory or WriteProcessMemory request was completed. (0x12B)
[0107/120528.974:ERROR:process_memory_win.cc(73)] ReadMemory at 0x7ff9f33cb625 of 512 bytes failed: Only part of a ReadProcessMemory or WriteProcessMemory request was completed. (0x12B)
[0107/120528.974:ERROR:process_memory_win.cc(73)] ReadMemory at 0x7ff9f4da50ed of 512 bytes failed: Only part of a ReadProcessMemory or WriteProcessMemory request was completed. (0x12B)
[0107/120528.974:ERROR:process_memory_win.cc(73)] ReadMemory at 0x7ff9f81a5450 of 512 bytes failed: Only part of a ReadProcessMemory or WriteProcessMemory request was completed. (0x12B)
[0107/120528.974:ERROR:process_memory_win.cc(73)] ReadMemory at 0x7ff9f8430a60 of 512 bytes failed: Only part of a ReadProcessMemory or WriteProcessMemory request was completed. (0x12B)
[0107/120528.974:ERROR:process_memory_win.cc(73)] ReadMemory at 0x7ffa5fce0000 of 384 bytes failed: Only part of a ReadProcessMemory or WriteProcessMemory request was completed. (0x12B)
[0107/120528.974:ERROR:process_memory_win.cc(73)] ReadMemory at 0x7ffa6124b6d0 of 512 bytes failed: Only part of a ReadProcessMemory or WriteProcessMemory request was completed. (0x12B)
[0107/120528.974:ERROR:process_memory_win.cc(73)] ReadMemory at 0x7ffa6145ff80 of 512 bytes failed: Only part of a ReadProcessMemory or WriteProcessMemory request was completed. (0x12B)
[0107/120528.975:ERROR:process_memory_win.cc(73)] ReadMemory at 0x7ffa623afc24 of 512 bytes failed: Only part of a ReadProcessMemory or WriteProcessMemory request was completed. (0x12B)
[0107/120528.975:ERROR:process_memory_win.cc(73)] ReadMemory at 0x7ffa6363c0c4 of 672 bytes failed: Only part of a ReadProcessMemory or WriteProcessMemory request was completed. (0x12B)
[0107/120528.975:ERROR:process_memory_win.cc(73)] ReadMemory at 0x7ffa6363c6c4 of 512 bytes failed: Only part of a ReadProcessMemory or WriteProcessMemory request was completed. (0x12B)
[0107/120528.975:ERROR:process_memory_win.cc(73)] ReadMemory at 0x7ffa6363cb94 of 512 bytes failed: Only part of a ReadProcessMemory or WriteProcessMemory request was completed. (0x12B)
[0107/120528.975:ERROR:process_memory_win.cc(73)] ReadMemory at 0x7ffa6363d174 of 512 bytes failed: Only part of a ReadProcessMemory or WriteProcessMemory request was completed. (0x12B)
[0107/120528.975:ERROR:process_memory_win.cc(73)] ReadMemory at 0x7ffa6363f9d4 of 512 bytes failed: Only part of a ReadProcessMemory or WriteProcessMemory request was completed. (0x12B)
[0107/120528.975:ERROR:process_memory_win.cc(73)] ReadMemory at 0x7ffa636cc428 of 18 bytes failed: Only part of a ReadProcessMemory or WriteProcessMemory request was completed. (0x12B)
[0107/120528.975:ERROR:process_memory_win.cc(73)] ReadMemory at 0x7ffa636ff4f8 of 40 bytes failed: Only part of a ReadProcessMemory or WriteProcessMemory request was completed. (0x12B)
[0107/120528.976:ERROR:process_memory_win.cc(73)] ReadMemory at 0x7ffa636ff978 of 48 bytes failed: Only part of a ReadProcessMemory or WriteProcessMemory request was completed. (0x12B)
[0107/120528.976:ERROR:process_memory_win.cc(73)] ReadMemory at 0x7ffa637053c0 of 64 bytes failed: Only part of a ReadProcessMemory or WriteProcessMemory request was completed. (0x12B)
[0107/120528.980:ERROR:scoped_process_suspend.cc(40)] NtResumeProcess: An attempt was made to access an exiting process. (0xc000010a)
[0107/120606.133:ERROR:scoped_process_suspend.cc(40)] NtResumeProcess: An attempt was made to access an exiting process. (0xc000010a)
